TN:
SF:src/modules/payments/services/CreatePaymentService.ts
FN:17,(anonymous_18)
FN:18,CreatePaymentService
FN:26,(anonymous_20)
FNF:3
FNH:3
FNDA:3,(anonymous_18)
FNDA:5,CreatePaymentService
FNDA:5,(anonymous_20)
DA:1,3
DA:3,3
DA:17,3
DA:20,5
DA:23,5
DA:26,3
DA:27,5
DA:28,5
DA:29,5
DA:31,5
DA:35,5
DA:36,1
DA:39,4
DA:45,4
DA:47,3
DA:49,3
LF:16
LH:16
BRDA:31,0,0,5
BRDA:35,1,0,1
BRDA:35,1,1,4
BRF:3
BRH:3
end_of_record
TN:
SF:src/modules/payments/services/ShowPaymentsService.ts
FN:14,(anonymous_18)
FN:15,ShowPaymentsService
FN:20,(anonymous_20)
FNF:3
FNH:3
FNDA:1,(anonymous_18)
FNDA:2,ShowPaymentsService
FNDA:2,(anonymous_20)
DA:1,1
DA:3,1
DA:5,1
DA:14,1
DA:17,2
DA:20,2
DA:21,2
DA:23,2
DA:27,2
DA:28,1
DA:31,1
DA:35,1
DA:37,1
DA:39,1
LF:14
LH:14
BRDA:27,0,0,1
BRDA:27,0,1,1
BRF:2
BRH:2
end_of_record
TN:
SF:src/modules/payments/services/UpdatePaymentService.ts
FN:16,(anonymous_18)
FN:17,UpdatePaymentService
FN:22,(anonymous_20)
FNF:3
FNH:3
FNDA:1,(anonymous_18)
FNDA:1,UpdatePaymentService
FNDA:1,(anonymous_20)
DA:1,1
DA:3,1
DA:5,1
DA:16,1
DA:19,1
DA:22,1
DA:23,1
DA:25,1
DA:26,0
DA:29,1
DA:31,1
DA:33,1
DA:35,1
LF:13
LH:12
BRDA:23,0,0,1
BRDA:25,1,0,0
BRDA:25,1,1,1
BRF:3
BRH:2
end_of_record
TN:
SF:src/modules/registers/services/CreateRegisterService.ts
FN:18,(anonymous_18)
FN:19,CreateRegisterService
FN:24,(anonymous_20)
FNF:3
FNH:3
FNDA:4,(anonymous_18)
FNDA:7,CreateRegisterService
FNDA:6,(anonymous_20)
DA:1,4
DA:2,4
DA:4,4
DA:18,4
DA:21,7
DA:24,4
DA:25,6
DA:26,6
DA:27,6
DA:28,6
DA:29,6
DA:30,6
DA:32,6
DA:34,6
DA:38,6
DA:42,6
DA:43,1
DA:46,5
DA:55,5
DA:57,4
DA:59,4
LF:21
LH:21
BRDA:42,0,0,1
BRDA:42,0,1,5
BRF:2
BRH:2
end_of_record
TN:
SF:src/modules/registers/services/ShowRegisterByScheduleService.ts
FN:13,(anonymous_18)
FN:14,ShowRegisterByScheduleService
FN:19,(anonymous_20)
FNF:3
FNH:0
FNDA:0,(anonymous_18)
FNDA:0,ShowRegisterByScheduleService
FNDA:0,(anonymous_20)
DA:1,0
DA:3,0
DA:13,0
DA:16,0
DA:19,0
DA:20,0
DA:21,0
DA:25,0
DA:26,0
DA:29,0
DA:31,0
DA:33,0
LF:12
LH:0
BRDA:25,0,0,0
BRDA:25,0,1,0
BRF:2
BRH:0
end_of_record
TN:
SF:src/modules/registers/services/ShowRegisterService.ts
FN:14,(anonymous_18)
FN:15,ShowRegisterService
FN:20,(anonymous_20)
FNF:3
FNH:3
FNDA:1,(anonymous_18)
FNDA:1,ShowRegisterService
FNDA:1,(anonymous_20)
DA:1,1
DA:3,1
DA:5,1
DA:14,1
DA:17,1
DA:20,1
DA:21,1
DA:23,1
DA:24,0
DA:27,1
DA:29,1
DA:31,1
LF:12
LH:11
BRDA:21,0,0,1
BRDA:23,1,0,0
BRDA:23,1,1,1
BRF:3
BRH:2
end_of_record
TN:
SF:src/modules/users/services/AuthenticateUserService.ts
FN:22,(anonymous_18)
FN:23,AuthenticateUserService
FN:31,(anonymous_20)
FNF:3
FNH:3
FNDA:1,(anonymous_18)
FNDA:3,AuthenticateUserService
FNDA:3,(anonymous_20)
DA:1,1
DA:2,1
DA:3,1
DA:5,1
DA:22,1
DA:25,3
DA:28,3
DA:31,3
DA:32,3
DA:34,3
DA:35,1
DA:41,2
DA:46,2
DA:47,1
DA:51,1
DA:53,1
DA:58,1
DA:63,1
DA:65,1
LF:19
LH:19
BRDA:32,0,0,3
BRDA:34,1,0,1
BRDA:34,1,1,2
BRDA:46,2,0,1
BRDA:46,2,1,1
BRF:5
BRH:5
end_of_record
TN:
SF:src/modules/users/services/CreateUserService.ts
FN:16,(anonymous_18)
FN:17,CreateUserService
FN:25,(anonymous_20)
FNF:3
FNH:3
FNDA:2,(anonymous_18)
FNDA:5,CreateUserService
FNDA:5,(anonymous_20)
DA:1,2
DA:3,2
DA:16,2
DA:19,5
DA:22,5
DA:25,5
DA:26,5
DA:28,5
DA:29,1
DA:32,4
DA:34,4
DA:40,4
DA:42,2
DA:44,2
LF:14
LH:14
BRDA:26,0,0,5
BRDA:28,1,0,1
BRDA:28,1,1,4
BRF:3
BRH:3
end_of_record
TN:
SF:src/modules/users/services/ResetPasswordService.ts
FN:17,(anonymous_18)
FN:18,ResetPasswordService
FN:29,(anonymous_20)
FNF:3
FNH:3
FNDA:1,(anonymous_18)
FNDA:4,ResetPasswordService
FNDA:4,(anonymous_20)
DA:1,1
DA:2,1
DA:4,1
DA:17,1
DA:20,4
DA:23,4
DA:26,4
DA:29,4
DA:30,4
DA:32,4
DA:33,1
DA:36,3
DA:38,3
DA:39,1
DA:42,2
DA:43,2
DA:45,2
DA:46,1
DA:49,1
DA:51,2
DA:53,1
DA:55,1
LF:22
LH:22
BRDA:30,0,0,4
BRDA:32,1,0,1
BRDA:32,1,1,3
BRDA:38,2,0,1
BRDA:38,2,1,2
BRDA:45,3,0,1
BRDA:45,3,1,1
BRF:7
BRH:7
end_of_record
TN:
SF:src/modules/users/services/SendForgotPasswordEmailService.ts
FN:16,(anonymous_18)
FN:17,SendForgotPasswordEmailService
FN:28,(anonymous_20)
FNF:3
FNH:3
FNDA:1,(anonymous_18)
FNDA:3,SendForgotPasswordEmailService
FNDA:3,(anonymous_20)
DA:1,1
DA:2,1
DA:4,1
DA:16,1
DA:19,3
DA:22,3
DA:25,3
DA:28,3
DA:29,3
DA:31,3
DA:32,1
DA:35,2
DA:37,2
DA:44,4
DA:59,1
DA:61,1
LF:16
LH:16
BRDA:29,0,0,3
BRDA:31,1,0,1
BRDA:31,1,1,2
BRF:3
BRH:3
end_of_record
TN:
SF:src/modules/users/services/ShowProfileService.ts
FN:13,(anonymous_18)
FN:14,ShowProfileService
FN:19,(anonymous_20)
FNF:3
FNH:3
FNDA:1,(anonymous_18)
FNDA:2,ShowProfileService
FNDA:2,(anonymous_20)
DA:1,1
DA:3,1
DA:13,1
DA:16,2
DA:19,2
DA:20,2
DA:22,2
DA:23,1
DA:26,1
DA:28,1
DA:30,1
LF:11
LH:11
BRDA:20,0,0,2
BRDA:22,1,0,1
BRDA:22,1,1,1
BRF:3
BRH:3
end_of_record
TN:
SF:src/modules/users/services/UpdateProfileService.ts
FN:18,(anonymous_18)
FN:19,UpdateProfileService
FN:27,(anonymous_20)
FNF:3
FNH:3
FNDA:1,(anonymous_18)
FNDA:6,UpdateProfileService
FNDA:6,(anonymous_20)
DA:1,1
DA:3,1
DA:18,1
DA:21,6
DA:24,6
DA:27,1
DA:28,6
DA:29,6
DA:30,6
DA:31,6
DA:32,6
DA:34,6
DA:36,6
DA:37,1
DA:40,5
DA:42,5
DA:43,1
DA:46,4
DA:47,4
DA:49,4
DA:50,1
DA:55,4
DA:56,2
DA:61,2
DA:62,1
DA:65,1
DA:68,2
DA:70,1
DA:72,1
LF:29
LH:29
BRDA:34,0,0,6
BRDA:34,0,1,2
BRDA:36,1,0,1
BRDA:36,1,1,5
BRDA:42,2,0,1
BRDA:42,2,1,4
BRDA:42,3,0,5
BRDA:42,3,1,1
BRDA:49,4,0,1
BRDA:49,4,1,3
BRDA:49,5,0,4
BRDA:49,5,1,3
BRDA:55,6,0,1
BRDA:55,6,1,2
BRDA:55,7,0,3
BRDA:55,7,1,2
BRDA:61,8,0,1
BRDA:61,8,1,1
BRF:18
BRH:18
end_of_record
TN:
SF:src/modules/users/services/UpdateUserAvatarService.ts
FN:15,(anonymous_18)
FN:16,UpdateUserAvatarService
FN:24,(anonymous_20)
FNF:3
FNH:3
FNDA:1,(anonymous_18)
FNDA:3,UpdateUserAvatarService
FNDA:4,(anonymous_20)
DA:1,1
DA:3,1
DA:15,1
DA:18,3
DA:21,3
DA:24,4
DA:25,4
DA:27,4
DA:28,1
DA:31,5
DA:34,2
DA:37,3
DA:39,3
DA:41,6
DA:43,3
DA:45,1
DA:47,1
LF:17
LH:17
BRDA:25,0,0,4
BRDA:25,0,1,3
BRDA:27,1,0,1
BRDA:27,1,1,3
BRDA:31,2,0,2
BRDA:31,2,1,1
BRF:6
BRH:6
end_of_record
